This is pdfTeX, Version 3.14159265-2.6-1.40.21 (MiKTeX 20.11) (preloaded format=pdflatex 2020.11.11)  11 NOV 2020 23:47
entering extended mode
**/home/juan/Documentos/Enseñanza/curso_html_css/ejercicios/pagina_web/ejercic
io_1.tex

(/home/juan/Documentos/Enseñanza/curso_html_css/ejercicios/pagina_web/ejercici
o_1.tex
LaTeX2e <2020-10-01> patch level 2
L3 programming layer <2020-10-27> xparse <2020-03-03>
(/usr/local/share/miktex-texmf/tex/latex/base/article.cls
Document Class: article 2020/04/10 v1.4m Standard LaTeX document class
(/usr/local/share/miktex-texmf/tex/latex/base/size10.clo
File: size10.clo 2020/04/10 v1.4m Standard LaTeX file (size option)
)
\c@part=\count175
\c@section=\count176
\c@subsection=\count177
\c@subsubsection=\count178
\c@paragraph=\count179
\c@subparagraph=\count180
\c@figure=\count181
\c@table=\count182
\abovecaptionskip=\skip47
\belowcaptionskip=\skip48
\bibindent=\dimen138
)
(/usr/local/share/miktex-texmf/tex/latex/l3backend/l3backend-pdftex.def
File: l3backend-pdftex.def 2020-09-24 L3 backend support: PDF output (pdfTeX)
\l__kernel_color_stack_int=\count183
\l__pdf_internal_box=\box47
)
(/home/juan/Documentos/Enseñanza/curso_html_css/ejercicios/pagina_web/ejercici
o_1.aux)
\openout1 = `ejercicio_1.aux'.

LaTeX Font Info:    Checking defaults for OML/cmm/m/it on input line 4.
LaTeX Font Info:    ... okay on input line 4.
LaTeX Font Info:    Checking defaults for OMS/cmsy/m/n on input line 4.
LaTeX Font Info:    ... okay on input line 4.
LaTeX Font Info:    Checking defaults for OT1/cmr/m/n on input line 4.
LaTeX Font Info:    ... okay on input line 4.
LaTeX Font Info:    Checking defaults for T1/cmr/m/n on input line 4.
LaTeX Font Info:    ... okay on input line 4.
LaTeX Font Info:    Checking defaults for TS1/cmr/m/n on input line 4.
LaTeX Font Info:    ... okay on input line 4.
LaTeX Font Info:    Checking defaults for OMX/cmex/m/n on input line 4.
LaTeX Font Info:    ... okay on input line 4.
LaTeX Font Info:    Checking defaults for U/cmr/m/n on input line 4.
LaTeX Font Info:    ... okay on input line 4.
LaTeX Font Info:    External font `cmex10' loaded for size
(Font)              <12> on input line 5.
LaTeX Font Info:    External font `cmex10' loaded for size
(Font)              <8> on input line 5.
LaTeX Font Info:    External font `cmex10' loaded for size
(Font)              <6> on input line 5.
 [1

{/home/juan/.miktex/texmfs/data/pdftex/config/pdftex.map}]
(/home/juan/Documentos/Enseñanza/curso_html_css/ejercicios/pagina_web/ejercici
o_1.aux) ) 
Here is how much of TeX's memory you used:
 422 strings out of 479800
 7896 string characters out of 2876854
 273790 words of memory out of 3000000
 17484 multiletter control sequences out of 15000+200000
 539371 words of font info for 43 fonts, out of 3000000 for 9000
 1141 hyphenation exceptions out of 8191
 42i,7n,49p,268b,202s stack positions out of 5000i,500n,10000p,200000b,50000s
 </home/juan/.miktex/texmfs/data/fonts/pk/ljfour/jknappen/ec/dpi600/t
crm1000.pk></usr/local/share/miktex-texmf/fonts/type1/public/amsfonts/cm/cmbx10
.pfb></usr/local/share/miktex-texmf/fonts/type1/public/amsfonts/cm/cmbx12.pfb><
/usr/local/share/miktex-texmf/fonts/type1/public/amsfonts/cm/cmr10.pfb></usr/lo
cal/share/miktex-texmf/fonts/type1/public/amsfonts/cm/cmr12.pfb></usr/local/sha
re/miktex-texmf/fonts/type1/public/amsfonts/cm/cmr17.pfb>
Output written on /home/juan/Documentos/Enseñanza/curso_html_css/ejercicios/pa
gina_web/ejercicio_1.pdf (1 page, 66698 bytes).
PDF statistics:
 31 PDF objects out of 1000 (max. 8388607)
 0 named destinations out of 1000 (max. 500000)
 1 words of extra memory for PDF output out of 10000 (max. 10000000)

